#
# There is insufficient memory for the Java Runtime Environment to continue.
# Native memory allocation (mmap) failed to map 357564416 bytes for committing reserved memory.
# Possible reasons:
#   The system is out of physical RAM or swap space
#   In 32 bit mode, the process size limit was hit
# Possible solutions:
#   Reduce memory load on the system
#   Increase physical memory or swap space
#   Check if swap backing store is full
#   Use 64 bit Java on a 64 bit OS
#   Decrease Java heap size (-Xmx/-Xms)
#   Decrease number of Java threads
#   Decrease Java thread stack sizes (-Xss)
#   Set larger code cache with -XX:ReservedCodeCacheSize=
# This output file may be truncated or incomplete.
#
#  Out of Memory Error (os_linux.cpp:2640), pid=16514, tid=0x00007fe65d4ab700
#
# JRE version:  (8.0_162-b12) (build )
# Java VM: OpenJDK 64-Bit Server VM (25.162-b12 mixed mode linux-amd64 compressed oops)
# Core dump written. Default location: /home/mattia/Jandom/core or core.16514
#

---------------  T H R E A D  ---------------

Current thread (0x00007fe65400b000):  JavaThread "Unknown thread" [_thread_in_vm, id=16515, stack(0x00007fe65d3ac000,0x00007fe65d4ac000)]

Stack: [0x00007fe65d3ac000,0x00007fe65d4ac000],  sp=0x00007fe65d4aa5b0,  free space=1017k
Native frames: (J=compiled Java code, j=interpreted, Vv=VM code, C=native code)
V  [libjvm.so+0xaa80b2]
V  [libjvm.so+0x4d92c7]
V  [libjvm.so+0x8e3eb0]
V  [libjvm.so+0x8de45e]
V  [libjvm.so+0x95ea76]
V  [libjvm.so+0x960ac6]
V  [libjvm.so+0x2b48d4]
V  [libjvm.so+0x90bab1]
V  [libjvm.so+0xa6a68a]
V  [libjvm.so+0xa6a975]
V  [libjvm.so+0x6252af]
V  [libjvm.so+0xa4e0cb]
V  [libjvm.so+0x6a4b40]  JNI_CreateJavaVM+0x60
C  [libjli.so+0x2bf3]
C  [libpthread.so.0+0x708c]  start_thread+0xdc


---------------  P R O C E S S  ---------------

Java Threads: ( => current thread )

Other Threads:

=>0x00007fe65400b000 (exited) JavaThread "Unknown thread" [_thread_in_vm, id=16515, stack(0x00007fe65d3ac000,0x00007fe65d4ac000)]

VM state:not at safepoint (not fully initialized)

VM Mutex/Monitor currently owned by a thread: None

GC Heap History (0 events):
No events

Deoptimization events (0 events):
No events

Classes redefined (0 events):
No events

Internal exceptions (0 events):
No events

Events (0 events):
No events


Dynamic libraries:
c0000000-eab00000 ---p 00000000 00:00 0 
55560cc58000-55560cc59000 r-xp 00000000 08:03 3285459                    /usr/lib/jvm/java-8-openjdk/jre/bin/java
55560ce58000-55560ce59000 r--p 00000000 08:03 3285459                    /usr/lib/jvm/java-8-openjdk/jre/bin/java
55560ce59000-55560ce5a000 rw-p 00001000 08:03 3285459                    /usr/lib/jvm/java-8-openjdk/jre/bin/java
55560d8a5000-55560d8c6000 rw-p 00000000 00:00 0                          [heap]
7fe64c000000-7fe64c270000 rwxp 00000000 00:00 0 
7fe64c270000-7fe654000000 ---p 00000000 00:00 0 
7fe654000000-7fe654033000 rw-p 00000000 00:00 0 
7fe654033000-7fe658000000 ---p 00000000 00:00 0 
7fe659f55000-7fe65a155000 ---p 00000000 00:00 0 
7fe65a155000-7fe65a160000 rw-p 00000000 00:00 0 
7fe65a160000-7fe65a356000 ---p 00000000 00:00 0 
7fe65a356000-7fe65a35e000 r-xp 00000000 08:03 3285516                    /usr/lib/jvm/java-8-openjdk/jre/lib/amd64/libzip.so
7fe65a35e000-7fe65a55d000 ---p 00008000 08:03 3285516                    /usr/lib/jvm/java-8-openjdk/jre/lib/amd64/libzip.so
7fe65a55d000-7fe65a55e000 r--p 00007000 08:03 3285516                    /usr/lib/jvm/java-8-openjdk/jre/lib/amd64/libzip.so
7fe65a55e000-7fe65a55f000 rw-p 00008000 08:03 3285516                    /usr/lib/jvm/java-8-openjdk/jre/lib/amd64/libzip.so
7fe65a55f000-7fe65a56a000 r-xp 00000000 08:03 2496384                    /usr/lib/libnss_files-2.26.so
7fe65a56a000-7fe65a769000 ---p 0000b000 08:03 2496384                    /usr/lib/libnss_files-2.26.so
7fe65a769000-7fe65a76a000 r--p 0000a000 08:03 2496384                    /usr/lib/libnss_files-2.26.so
7fe65a76a000-7fe65a76b000 rw-p 0000b000 08:03 2496384                    /usr/lib/libnss_files-2.26.so
7fe65a76b000-7fe65a771000 rw-p 00000000 00:00 0 
7fe65a771000-7fe65a77c000 r-xp 00000000 08:03 2496388                    /usr/lib/libnss_nis-2.26.so
7fe65a77c000-7fe65a97b000 ---p 0000b000 08:03 2496388                    /usr/lib/libnss_nis-2.26.so
7fe65a97b000-7fe65a97c000 r--p 0000a000 08:03 2496388                    /usr/lib/libnss_nis-2.26.so
7fe65a97c000-7fe65a97d000 rw-p 0000b000 08:03 2496388                    /usr/lib/libnss_nis-2.26.so
7fe65a97d000-7fe65a991000 r-xp 00000000 08:03 2496377                    /usr/lib/libnsl-2.26.so
7fe65a991000-7fe65ab91000 ---p 00014000 08:03 2496377                    /usr/lib/libnsl-2.26.so
7fe65ab91000-7fe65ab92000 r--p 00014000 08:03 2496377                    /usr/lib/libnsl-2.26.so
7fe65ab92000-7fe65ab93000 rw-p 00015000 08:03 2496377                    /usr/lib/libnsl-2.26.so
7fe65ab93000-7fe65ab95000 rw-p 00000000 00:00 0 
7fe65ab95000-7fe65ab9c000 r-xp 00000000 08:03 2496381                    /usr/lib/libnss_compat-2.26.so
7fe65ab9c000-7fe65ad9b000 ---p 00007000 08:03 2496381                    /usr/lib/libnss_compat-2.26.so
7fe65ad9b000-7fe65ad9c000 r--p 00006000 08:03 2496381                    /usr/lib/libnss_compat-2.26.so
7fe65ad9c000-7fe65ad9d000 rw-p 00007000 08:03 2496381                    /usr/lib/libnss_compat-2.26.so
7fe65ad9d000-7fe65adcb000 r-xp 00000000 08:03 3285495                    /usr/lib/jvm/java-8-openjdk/jre/lib/amd64/libjava.so
7fe65adcb000-7fe65afca000 ---p 0002e000 08:03 3285495                    /usr/lib/jvm/java-8-openjdk/jre/lib/amd64/libjava.so
7fe65afca000-7fe65afcb000 r--p 0002d000 08:03 3285495                    /usr/lib/jvm/java-8-openjdk/jre/lib/amd64/libjava.so
7fe65afcb000-7fe65afcd000 rw-p 0002e000 08:03 3285495                    /usr/lib/jvm/java-8-openjdk/jre/lib/amd64/libjava.so
7fe65afcd000-7fe65afda000 r-xp 00000000 08:03 3285515                    /usr/lib/jvm/java-8-openjdk/jre/lib/amd64/libverify.so
7fe65afda000-7fe65b1d9000 ---p 0000d000 08:03 3285515                    /usr/lib/jvm/java-8-openjdk/jre/lib/amd64/libverify.so
7fe65b1d9000-7fe65b1db000 r--p 0000c000 08:03 3285515                    /usr/lib/jvm/java-8-openjdk/jre/lib/amd64/libverify.so
7fe65b1db000-7fe65b1dc000 rw-p 0000e000 08:03 3285515                    /usr/lib/jvm/java-8-openjdk/jre/lib/amd64/libverify.so
7fe65b1dc000-7fe65b1e3000 r-xp 00000000 08:03 2496441                    /usr/lib/librt-2.26.so
7fe65b1e3000-7fe65b3e2000 ---p 00007000 08:03 2496441                    /usr/lib/librt-2.26.so
7fe65b3e2000-7fe65b3e3000 r--p 00006000 08:03 2496441                    /usr/lib/librt-2.26.so
7fe65b3e3000-7fe65b3e4000 rw-p 00007000 08:03 2496441                    /usr/lib/librt-2.26.so
7fe65b3e4000-7fe65b52f000 r-xp 00000000 08:03 2496340                    /usr/lib/libm-2.26.so
7fe65b52f000-7fe65b72e000 ---p 0014b000 08:03 2496340                    /usr/lib/libm-2.26.so
7fe65b72e000-7fe65b72f000 r--p 0014a000 08:03 2496340                    /usr/lib/libm-2.26.so
7fe65b72f000-7fe65b730000 rw-p 0014b000 08:03 2496340                    /usr/lib/libm-2.26.so
7fe65b730000-7fe65c3d2000 r-xp 00000000 08:03 3408093                    /usr/lib/jvm/java-8-openjdk/jre/lib/amd64/server/libjvm.so
7fe65c3d2000-7fe65c5d2000 ---p 00ca2000 08:03 3408093                    /usr/lib/jvm/java-8-openjdk/jre/lib/amd64/server/libjvm.so
7fe65c5d2000-7fe65c666000 r--p 00ca2000 08:03 3408093                    /usr/lib/jvm/java-8-openjdk/jre/lib/amd64/server/libjvm.so
7fe65c666000-7fe65c68e000 rw-p 00d36000 08:03 3408093                    /usr/lib/jvm/java-8-openjdk/jre/lib/amd64/server/libjvm.so
7fe65c68e000-7fe65c6bf000 rw-p 00000000 00:00 0 
7fe65c6bf000-7fe65c86d000 r-xp 00000000 08:03 2496207                    /usr/lib/libc-2.26.so
7fe65c86d000-7fe65ca6c000 ---p 001ae000 08:03 2496207                    /usr/lib/libc-2.26.so
7fe65ca6c000-7fe65ca70000 r--p 001ad000 08:03 2496207                    /usr/lib/libc-2.26.so
7fe65ca70000-7fe65ca72000 rw-p 001b1000 08:03 2496207                    /usr/lib/libc-2.26.so
7fe65ca72000-7fe65ca76000 rw-p 00000000 00:00 0 
7fe65ca76000-7fe65ca79000 r-xp 00000000 08:03 2496234                    /usr/lib/libdl-2.26.so
7fe65ca79000-7fe65cc78000 ---p 00003000 08:03 2496234                    /usr/lib/libdl-2.26.so
7fe65cc78000-7fe65cc79000 r--p 00002000 08:03 2496234                    /usr/lib/libdl-2.26.so
7fe65cc79000-7fe65cc7a000 rw-p 00003000 08:03 2496234                    /usr/lib/libdl-2.26.so
7fe65cc7a000-7fe65cc88000 r-xp 00000000 08:03 3408091                    /usr/lib/jvm/java-8-openjdk/jre/lib/amd64/jli/libjli.so
7fe65cc88000-7fe65ce87000 ---p 0000e000 08:03 3408091                    /usr/lib/jvm/java-8-openjdk/jre/lib/amd64/jli/libjli.so
7fe65ce87000-7fe65ce88000 r--p 0000d000 08:03 3408091                    /usr/lib/jvm/java-8-openjdk/jre/lib/amd64/jli/libjli.so
7fe65ce88000-7fe65ce89000 rw-p 0000e000 08:03 3408091                    /usr/lib/jvm/java-8-openjdk/jre/lib/amd64/jli/libjli.so
7fe65ce89000-7fe65ce9f000 r-xp 00000000 08:03 2496516                    /usr/lib/libz.so.1.2.11
7fe65ce9f000-7fe65d09e000 ---p 00016000 08:03 2496516                    /usr/lib/libz.so.1.2.11
7fe65d09e000-7fe65d09f000 r--p 00015000 08:03 2496516                    /usr/lib/libz.so.1.2.11
7fe65d09f000-7fe65d0a0000 rw-p 00016000 08:03 2496516                    /usr/lib/libz.so.1.2.11
7fe65d0a0000-7fe65d0b9000 r-xp 00000000 08:03 2496427                    /usr/lib/libpthread-2.26.so
7fe65d0b9000-7fe65d2b8000 ---p 00019000 08:03 2496427                    /usr/lib/libpthread-2.26.so
7fe65d2b8000-7fe65d2b9000 r--p 00018000 08:03 2496427                    /usr/lib/libpthread-2.26.so
7fe65d2b9000-7fe65d2ba000 rw-p 00019000 08:03 2496427                    /usr/lib/libpthread-2.26.so
7fe65d2ba000-7fe65d2be000 rw-p 00000000 00:00 0 
7fe65d2be000-7fe65d2e3000 r-xp 00000000 08:03 2496165                    /usr/lib/ld-2.26.so
7fe65d3ab000-7fe65d3ac000 ---p 00000000 00:00 0 
7fe65d3ac000-7fe65d3af000 ---p 00000000 00:00 0 
7fe65d3af000-7fe65d4b0000 rw-p 00000000 00:00 0 
7fe65d4d8000-7fe65d4e0000 rw-s 00000000 00:29 324                        /tmp/hsperfdata_mattia/16514
7fe65d4e0000-7fe65d4e1000 rw-p 00000000 00:00 0 
7fe65d4e1000-7fe65d4e2000 r--p 00000000 00:00 0 
7fe65d4e2000-7fe65d4e3000 r--p 00024000 08:03 2496165                    /usr/lib/ld-2.26.so
7fe65d4e3000-7fe65d4e4000 rw-p 00025000 08:03 2496165                    /usr/lib/ld-2.26.so
7fe65d4e4000-7fe65d4e5000 rw-p 00000000 00:00 0 
7ffd55c60000-7ffd55c81000 rw-p 00000000 00:00 0                          [stack]
7ffd55df2000-7ffd55df5000 r--p 00000000 00:00 0                          [vvar]
7ffd55df5000-7ffd55df7000 r-xp 00000000 00:00 0                          [vdso]
ffffffffff600000-ffffffffff601000 r-xp 00000000 00:00 0                  [vsyscall]

VM Arguments:
jvm_args: -Xms1024m -Xmx1024m -XX:ReservedCodeCacheSize=128m -XX:MaxMetaspaceSize=256m 
java_command: /usr/share/sbt/bin/sbt-launch.jar run
java_class_path (initial): /usr/share/sbt/bin/sbt-launch.jar
Launcher Type: SUN_STANDARD

Environment Variables:
PATH=/usr/local/sbin:/usr/local/bin:/usr/bin:/usr/lib/jvm/default/bin:/usr/bin/site_perl:/usr/bin/vendor_perl:/usr/bin/core_perl
USERNAME=mattia
SHELL=/bin/bash
DISPLAY=:1

Signal Handlers:
SIGSEGV: [libjvm.so+0xaa8a00], sa_mask[0]=11111111011111111101111111111110, sa_flags=SA_RESTART|SA_SIGINFO
SIGBUS: [libjvm.so+0xaa8a00], sa_mask[0]=11111111011111111101111111111110, sa_flags=SA_RESTART|SA_SIGINFO
SIGFPE: [libjvm.so+0x8df590], sa_mask[0]=11111111011111111101111111111110, sa_flags=SA_RESTART|SA_SIGINFO
SIGPIPE: [libjvm.so+0x8df590], sa_mask[0]=11111111011111111101111111111110, sa_flags=SA_RESTART|SA_SIGINFO
SIGXFSZ: [libjvm.so+0x8df590], sa_mask[0]=11111111011111111101111111111110, sa_flags=SA_RESTART|SA_SIGINFO
SIGILL: [libjvm.so+0x8df590], sa_mask[0]=11111111011111111101111111111110, sa_flags=SA_RESTART|SA_SIGINFO
SIGUSR1: SIG_DFL, sa_mask[0]=00000000000000000000000000000000, sa_flags=none
SIGUSR2: [libjvm.so+0x8df440], sa_mask[0]=00000000000000000000000000000000, sa_flags=SA_RESTART|SA_SIGINFO
SIGHUP: SIG_DFL, sa_mask[0]=00000000000000000000000000000000, sa_flags=none
SIGINT: SIG_DFL, sa_mask[0]=00000000000000000000000000000000, sa_flags=none
SIGTERM: SIG_DFL, sa_mask[0]=00000000000000000000000000000000, sa_flags=none
SIGQUIT: SIG_DFL, sa_mask[0]=00000000000000000000000000000000, sa_flags=none


---------------  S Y S T E M  ---------------

OS:DISTRIB_ID=ManjaroLinux
DISTRIB_RELEASE=17.1.7
DISTRIB_CODENAME=Hakoila
DISTRIB_DESCRIPTION="Manjaro Linux"

uname:Linux 4.14.31-1-MANJARO #1 SMP PREEMPT Wed Mar 28 21:42:49 UTC 2018 x86_64
libc:glibc 2.26 NPTL 2.26 
rlimit: STACK 8192k, CORE infinity, NPROC 31554, NOFILE 4096, AS infinity
load average:0.54 0.87 0.97

/proc/meminfo:
MemTotal:        8091324 kB
MemFree:          134732 kB
MemAvailable:     329176 kB
Buffers:           14072 kB
Cached:          1018068 kB
SwapCached:            0 kB
Active:          6697868 kB
Inactive:         915432 kB
Active(anon):    6500104 kB
Inactive(anon):   724748 kB
Active(file):     197764 kB
Inactive(file):   190684 kB
Unevictable:          84 kB
Mlocked:              84 kB
SwapTotal:             0 kB
SwapFree:              0 kB
Dirty:              6940 kB
Writeback:             0 kB
AnonPages:       6453256 kB
Mapped:           820980 kB
Shmem:            740500 kB
Slab:             115652 kB
SReclaimable:      53500 kB
SUnreclaim:        62152 kB
KernelStack:       17692 kB
PageTables:        74984 kB
NFS_Unstable:          0 kB
Bounce:                0 kB
WritebackTmp:          0 kB
CommitLimit:     4045660 kB
Committed_AS:   17932412 kB
VmallocTotal:   34359738367 kB
VmallocUsed:           0 kB
VmallocChunk:          0 kB
HardwareCorrupted:     0 kB
AnonHugePages:   2172928 kB
ShmemHugePages:        0 kB
ShmemPmdMapped:        0 kB
HugePages_Total:       0
HugePages_Free:        0
HugePages_Rsvd:        0
HugePages_Surp:        0
Hugepagesize:       2048 kB
DirectMap4k:      398372 kB
DirectMap2M:     7909376 kB
DirectMap1G:           0 kB


CPU:total 4 (initial active 4) (2 cores per cpu, 2 threads per core) family 6 model 158 stepping 9, cmov, cx8, fxsr, mmx, sse, sse2, sse3, ssse3, sse4.1, sse4.2, popcnt, avx, avx2, aes, clmul, erms, 3dnowpref, lzcnt, ht, tsc, tscinvbit, bmi1, bmi2, adx

/proc/cpuinfo:
processor	: 0
vendor_id	: GenuineIntel
cpu family	: 6
model		: 158
model name	: Intel(R) Core(TM) i3-7100 CPU @ 3.90GHz
stepping	: 9
microcode	: 0x84
cpu MHz		: 3900.046
cache size	: 3072 KB
physical id	: 0
siblings	: 4
core id		: 0
cpu cores	: 2
apicid		: 0
initial apicid	: 0
fpu		: yes
fpu_exception	: yes
cpuid level	: 22
wp		: yes
flags		: fpu vme de pse tsc msr pae mce cx8 apic sep mtrr pge mca cmov pat pse36 clflush dts acpi mmx fxsr sse sse2 ss ht tm pbe syscall nx pdpe1gb rdtscp lm constant_tsc art arch_perfmon pebs bts rep_good nopl xtopology nonstop_tsc cpuid aperfmperf tsc_known_freq pni pclmulqdq dtes64 monitor ds_cpl vmx est tm2 ssse3 sdbg fma cx16 xtpr pdcm pcid sse4_1 sse4_2 x2apic movbe popcnt tsc_deadline_timer aes xsave avx f16c rdrand lahf_lm abm 3dnowprefetch cpuid_fault invpcid_single pti tpr_shadow vnmi flexpriority ept vpid fsgsbase tsc_adjust bmi1 avx2 smep bmi2 erms invpcid mpx rdseed adx smap clflushopt intel_pt xsaveopt xsavec xgetbv1 xsaves ibpb ibrs stibp dtherm arat pln pts hwp hwp_notify hwp_act_window hwp_epp
bugs		: cpu_meltdown spectre_v1 spectre_v2
bogomips	: 7827.00
clflush size	: 64
cache_alignment	: 64
address sizes	: 39 bits physical, 48 bits virtual
power management:

processor	: 1
vendor_id	: GenuineIntel
cpu family	: 6
model		: 158
model name	: Intel(R) Core(TM) i3-7100 CPU @ 3.90GHz
stepping	: 9
microcode	: 0x84
cpu MHz		: 3900.085
cache size	: 3072 KB
physical id	: 0
siblings	: 4
core id		: 1
cpu cores	: 2
apicid		: 2
initial apicid	: 2
fpu		: yes
fpu_exception	: yes
cpuid level	: 22
wp		: yes
flags		: fpu vme de pse tsc msr pae mce cx8 apic sep mtrr pge mca cmov pat pse36 clflush dts acpi mmx fxsr sse sse2 ss ht tm pbe syscall nx pdpe1gb rdtscp lm constant_tsc art arch_perfmon pebs bts rep_good nopl xtopology nonstop_tsc cpuid aperfmperf tsc_known_freq pni pclmulqdq dtes64 monitor ds_cpl vmx est tm2 ssse3 sdbg fma cx16 xtpr pdcm pcid sse4_1 sse4_2 x2apic movbe popcnt tsc_deadline_timer aes xsave avx f16c rdrand lahf_lm abm 3dnowprefetch cpuid_fault invpcid_single pti tpr_shadow vnmi flexpriority ept vpid fsgsbase tsc_adjust bmi1 avx2 smep bmi2 erms invpcid mpx rdseed adx smap clflushopt intel_pt xsaveopt xsavec xgetbv1 xsaves ibpb ibrs stibp dtherm arat pln pts hwp hwp_notify hwp_act_window hwp_epp
bugs		: cpu_meltdown spectre_v1 spectre_v2
bogomips	: 7827.00
clflush size	: 64
cache_alignment	: 64
address sizes	: 39 bits physical, 48 bits virtual
power management:

processor	: 2
vendor_id	: GenuineIntel
cpu family	: 6
model		: 158
model name	: Intel(R) Core(TM) i3-7100 CPU @ 3.90GHz
stepping	: 9
microcode	: 0x84
cpu MHz		: 3900.011
cache size	: 3072 KB
physical id	: 0
siblings	: 4
core id		: 0
cpu cores	: 2
apicid		: 1
initial apicid	: 1
fpu		: yes
fpu_exception	: yes
cpuid level	: 22
wp		: yes
flags		: fpu vme de pse tsc msr pae mce cx8 apic sep mtrr pge mca cmov pat pse36 clflush dts acpi mmx fxsr sse sse2 ss ht tm pbe syscall nx pdpe1gb rdtscp lm constant_tsc art arch_perfmon pebs bts rep_good nopl xtopology nonstop_tsc cpuid aperfmperf tsc_known_freq pni pclmulqdq dtes64 monitor ds_cpl vmx est tm2 ssse3 sdbg fma cx16 xtpr pdcm pcid sse4_1 sse4_2 x2apic movbe popcnt tsc_deadline_timer aes xsave avx f16c rdrand lahf_lm abm 3dnowprefetch cpuid_fault invpcid_single pti tpr_shadow vnmi flexpriority ept vpid fsgsbase tsc_adjust bmi1 avx2 smep bmi2 erms invpcid mpx rdseed adx smap clflushopt intel_pt xsaveopt xsavec xgetbv1 xsaves ibpb ibrs stibp dtherm arat pln pts hwp hwp_notify hwp_act_window hwp_epp
bugs		: cpu_meltdown spectre_v1 spectre_v2
bogomips	: 7827.00
clflush size	: 64
cache_alignment	: 64
address sizes	: 39 bits physical, 48 bits virtual
power management:

processor	: 3
vendor_id	: GenuineIntel
cpu family	: 6
model		: 158
model name	: Intel(R) Core(TM) i3-7100 CPU @ 3.90GHz
stepping	: 9
microcode	: 0x84
cpu MHz		: 3900.004
cache size	: 3072 KB
physical id	: 0
siblings	: 4
core id		: 1
cpu cores	: 2
apicid		: 3
initial apicid	: 3
fpu		: yes
fpu_exception	: yes
cpuid level	: 22
wp		: yes
flags		: fpu vme de pse tsc msr pae mce cx8 apic sep mtrr pge mca cmov pat pse36 clflush dts acpi mmx fxsr sse sse2 ss ht tm pbe syscall nx pdpe1gb rdtscp lm constant_tsc art arch_perfmon pebs bts rep_good nopl xtopology nonstop_tsc cpuid aperfmperf tsc_known_freq pni pclmulqdq dtes64 monitor ds_cpl vmx est tm2 ssse3 sdbg fma cx16 xtpr pdcm pcid sse4_1 sse4_2 x2apic movbe popcnt tsc_deadline_timer aes xsave avx f16c rdrand lahf_lm abm 3dnowprefetch cpuid_fault invpcid_single pti tpr_shadow vnmi flexpriority ept vpid fsgsbase tsc_adjust bmi1 avx2 smep bmi2 erms invpcid mpx rdseed adx smap clflushopt intel_pt xsaveopt xsavec xgetbv1 xsaves ibpb ibrs stibp dtherm arat pln pts hwp hwp_notify hwp_act_window hwp_epp
bugs		: cpu_meltdown spectre_v1 spectre_v2
bogomips	: 7827.00
clflush size	: 64
cache_alignment	: 64
address sizes	: 39 bits physical, 48 bits virtual
power management:



Memory: 4k page, physical 8091324k(133992k free), swap 0k(0k free)

vm_info: OpenJDK 64-Bit Server VM (25.162-b12) for linux-amd64 JRE (1.8.0_162-b12), built on Mar  1 2018 16:46:58 by "builduser" with gcc 7.3.0

time: Tue Apr 10 14:00:20 2018
elapsed time: 0 seconds (0d 0h 0m 0s)

