#
# There is insufficient memory for the Java Runtime Environment to continue.
# Native memory allocation (mmap) failed to map 716177408 bytes for committing reserved memory.
# Possible reasons:
#   The system is out of physical RAM or swap space
#   In 32 bit mode, the process size limit was hit
# Possible solutions:
#   Reduce memory load on the system
#   Increase physical memory or swap space
#   Check if swap backing store is full
#   Use 64 bit Java on a 64 bit OS
#   Decrease Java heap size (-Xmx/-Xms)
#   Decrease number of Java threads
#   Decrease Java thread stack sizes (-Xss)
#   Set larger code cache with -XX:ReservedCodeCacheSize=
# This output file may be truncated or incomplete.
#
#  Out of Memory Error (os_linux.cpp:2640), pid=17258, tid=0x00007f0b0c473700
#
# JRE version:  (8.0_162-b12) (build )
# Java VM: OpenJDK 64-Bit Server VM (25.162-b12 mixed mode linux-amd64 compressed oops)
# Core dump written. Default location: /home/mattia/Jandom/core or core.17258
#

---------------  T H R E A D  ---------------

Current thread (0x00007f0b0400b000):  JavaThread "Unknown thread" [_thread_in_vm, id=17259, stack(0x00007f0b0c374000,0x00007f0b0c474000)]

Stack: [0x00007f0b0c374000,0x00007f0b0c474000],  sp=0x00007f0b0c4725a0,  free space=1017k
Native frames: (J=compiled Java code, j=interpreted, Vv=VM code, C=native code)
V  [libjvm.so+0xaa80b2]
V  [libjvm.so+0x4d92c7]
V  [libjvm.so+0x8e3eb0]
V  [libjvm.so+0x8de45e]
V  [libjvm.so+0x95ea76]
V  [libjvm.so+0x94edac]
V  [libjvm.so+0x2b490e]
V  [libjvm.so+0x90bab1]
V  [libjvm.so+0xa6a68a]
V  [libjvm.so+0xa6a975]
V  [libjvm.so+0x6252af]
V  [libjvm.so+0xa4e0cb]
V  [libjvm.so+0x6a4b40]  JNI_CreateJavaVM+0x60
C  [libjli.so+0x2bf3]
C  [libpthread.so.0+0x708c]  start_thread+0xdc


---------------  P R O C E S S  ---------------

Java Threads: ( => current thread )

Other Threads:

=>0x00007f0b0400b000 (exited) JavaThread "Unknown thread" [_thread_in_vm, id=17259, stack(0x00007f0b0c374000,0x00007f0b0c474000)]

VM state:not at safepoint (not fully initialized)

VM Mutex/Monitor currently owned by a thread: None

GC Heap History (0 events):
No events

Deoptimization events (0 events):
No events

Classes redefined (0 events):
No events

Internal exceptions (0 events):
No events

Events (0 events):
No events


Dynamic libraries:
eab00000-100000000 rw-p 00000000 00:00 0 
55efe910d000-55efe910e000 r-xp 00000000 08:03 3285459                    /usr/lib/jvm/java-8-openjdk/jre/bin/java
55efe930d000-55efe930e000 r--p 00000000 08:03 3285459                    /usr/lib/jvm/java-8-openjdk/jre/bin/java
55efe930e000-55efe930f000 rw-p 00001000 08:03 3285459                    /usr/lib/jvm/java-8-openjdk/jre/bin/java
55efeb137000-55efeb158000 rw-p 00000000 00:00 0                          [heap]
7f0afc000000-7f0afc270000 rwxp 00000000 00:00 0 
7f0afc270000-7f0b04000000 ---p 00000000 00:00 0 
7f0b04000000-7f0b04034000 rw-p 00000000 00:00 0 
7f0b04034000-7f0b08000000 ---p 00000000 00:00 0 
7f0b08f1d000-7f0b09072000 ---p 00000000 00:00 0 
7f0b09072000-7f0b09128000 rw-p 00000000 00:00 0 
7f0b09128000-7f0b0931e000 ---p 00000000 00:00 0 
7f0b0931e000-7f0b09326000 r-xp 00000000 08:03 3285516                    /usr/lib/jvm/java-8-openjdk/jre/lib/amd64/libzip.so
7f0b09326000-7f0b09525000 ---p 00008000 08:03 3285516                    /usr/lib/jvm/java-8-openjdk/jre/lib/amd64/libzip.so
7f0b09525000-7f0b09526000 r--p 00007000 08:03 3285516                    /usr/lib/jvm/java-8-openjdk/jre/lib/amd64/libzip.so
7f0b09526000-7f0b09527000 rw-p 00008000 08:03 3285516                    /usr/lib/jvm/java-8-openjdk/jre/lib/amd64/libzip.so
7f0b09527000-7f0b09532000 r-xp 00000000 08:03 2496384                    /usr/lib/libnss_files-2.26.so
7f0b09532000-7f0b09731000 ---p 0000b000 08:03 2496384                    /usr/lib/libnss_files-2.26.so
7f0b09731000-7f0b09732000 r--p 0000a000 08:03 2496384                    /usr/lib/libnss_files-2.26.so
7f0b09732000-7f0b09733000 rw-p 0000b000 08:03 2496384                    /usr/lib/libnss_files-2.26.so
7f0b09733000-7f0b09739000 rw-p 00000000 00:00 0 
7f0b09739000-7f0b09744000 r-xp 00000000 08:03 2496388                    /usr/lib/libnss_nis-2.26.so
7f0b09744000-7f0b09943000 ---p 0000b000 08:03 2496388                    /usr/lib/libnss_nis-2.26.so
7f0b09943000-7f0b09944000 r--p 0000a000 08:03 2496388                    /usr/lib/libnss_nis-2.26.so
7f0b09944000-7f0b09945000 rw-p 0000b000 08:03 2496388                    /usr/lib/libnss_nis-2.26.so
7f0b09945000-7f0b09959000 r-xp 00000000 08:03 2496377                    /usr/lib/libnsl-2.26.so
7f0b09959000-7f0b09b59000 ---p 00014000 08:03 2496377                    /usr/lib/libnsl-2.26.so
7f0b09b59000-7f0b09b5a000 r--p 00014000 08:03 2496377                    /usr/lib/libnsl-2.26.so
7f0b09b5a000-7f0b09b5b000 rw-p 00015000 08:03 2496377                    /usr/lib/libnsl-2.26.so
7f0b09b5b000-7f0b09b5d000 rw-p 00000000 00:00 0 
7f0b09b5d000-7f0b09b64000 r-xp 00000000 08:03 2496381                    /usr/lib/libnss_compat-2.26.so
7f0b09b64000-7f0b09d63000 ---p 00007000 08:03 2496381                    /usr/lib/libnss_compat-2.26.so
7f0b09d63000-7f0b09d64000 r--p 00006000 08:03 2496381                    /usr/lib/libnss_compat-2.26.so
7f0b09d64000-7f0b09d65000 rw-p 00007000 08:03 2496381                    /usr/lib/libnss_compat-2.26.so
7f0b09d65000-7f0b09d93000 r-xp 00000000 08:03 3285495                    /usr/lib/jvm/java-8-openjdk/jre/lib/amd64/libjava.so
7f0b09d93000-7f0b09f92000 ---p 0002e000 08:03 3285495                    /usr/lib/jvm/java-8-openjdk/jre/lib/amd64/libjava.so
7f0b09f92000-7f0b09f93000 r--p 0002d000 08:03 3285495                    /usr/lib/jvm/java-8-openjdk/jre/lib/amd64/libjava.so
7f0b09f93000-7f0b09f95000 rw-p 0002e000 08:03 3285495                    /usr/lib/jvm/java-8-openjdk/jre/lib/amd64/libjava.so
7f0b09f95000-7f0b09fa2000 r-xp 00000000 08:03 3285515                    /usr/lib/jvm/java-8-openjdk/jre/lib/amd64/libverify.so
7f0b09fa2000-7f0b0a1a1000 ---p 0000d000 08:03 3285515                    /usr/lib/jvm/java-8-openjdk/jre/lib/amd64/libverify.so
7f0b0a1a1000-7f0b0a1a3000 r--p 0000c000 08:03 3285515                    /usr/lib/jvm/java-8-openjdk/jre/lib/amd64/libverify.so
7f0b0a1a3000-7f0b0a1a4000 rw-p 0000e000 08:03 3285515                    /usr/lib/jvm/java-8-openjdk/jre/lib/amd64/libverify.so
7f0b0a1a4000-7f0b0a1ab000 r-xp 00000000 08:03 2496441                    /usr/lib/librt-2.26.so
7f0b0a1ab000-7f0b0a3aa000 ---p 00007000 08:03 2496441                    /usr/lib/librt-2.26.so
7f0b0a3aa000-7f0b0a3ab000 r--p 00006000 08:03 2496441                    /usr/lib/librt-2.26.so
7f0b0a3ab000-7f0b0a3ac000 rw-p 00007000 08:03 2496441                    /usr/lib/librt-2.26.so
7f0b0a3ac000-7f0b0a4f7000 r-xp 00000000 08:03 2496340                    /usr/lib/libm-2.26.so
7f0b0a4f7000-7f0b0a6f6000 ---p 0014b000 08:03 2496340                    /usr/lib/libm-2.26.so
7f0b0a6f6000-7f0b0a6f7000 r--p 0014a000 08:03 2496340                    /usr/lib/libm-2.26.so
7f0b0a6f7000-7f0b0a6f8000 rw-p 0014b000 08:03 2496340                    /usr/lib/libm-2.26.so
7f0b0a6f8000-7f0b0b39a000 r-xp 00000000 08:03 3408093                    /usr/lib/jvm/java-8-openjdk/jre/lib/amd64/server/libjvm.so
7f0b0b39a000-7f0b0b59a000 ---p 00ca2000 08:03 3408093                    /usr/lib/jvm/java-8-openjdk/jre/lib/amd64/server/libjvm.so
7f0b0b59a000-7f0b0b62e000 r--p 00ca2000 08:03 3408093                    /usr/lib/jvm/java-8-openjdk/jre/lib/amd64/server/libjvm.so
7f0b0b62e000-7f0b0b656000 rw-p 00d36000 08:03 3408093                    /usr/lib/jvm/java-8-openjdk/jre/lib/amd64/server/libjvm.so
7f0b0b656000-7f0b0b687000 rw-p 00000000 00:00 0 
7f0b0b687000-7f0b0b835000 r-xp 00000000 08:03 2496207                    /usr/lib/libc-2.26.so
7f0b0b835000-7f0b0ba34000 ---p 001ae000 08:03 2496207                    /usr/lib/libc-2.26.so
7f0b0ba34000-7f0b0ba38000 r--p 001ad000 08:03 2496207                    /usr/lib/libc-2.26.so
7f0b0ba38000-7f0b0ba3a000 rw-p 001b1000 08:03 2496207                    /usr/lib/libc-2.26.so
7f0b0ba3a000-7f0b0ba3e000 rw-p 00000000 00:00 0 
7f0b0ba3e000-7f0b0ba41000 r-xp 00000000 08:03 2496234                    /usr/lib/libdl-2.26.so
7f0b0ba41000-7f0b0bc40000 ---p 00003000 08:03 2496234                    /usr/lib/libdl-2.26.so
7f0b0bc40000-7f0b0bc41000 r--p 00002000 08:03 2496234                    /usr/lib/libdl-2.26.so
7f0b0bc41000-7f0b0bc42000 rw-p 00003000 08:03 2496234                    /usr/lib/libdl-2.26.so
7f0b0bc42000-7f0b0bc50000 r-xp 00000000 08:03 3408091                    /usr/lib/jvm/java-8-openjdk/jre/lib/amd64/jli/libjli.so
7f0b0bc50000-7f0b0be4f000 ---p 0000e000 08:03 3408091                    /usr/lib/jvm/java-8-openjdk/jre/lib/amd64/jli/libjli.so
7f0b0be4f000-7f0b0be50000 r--p 0000d000 08:03 3408091                    /usr/lib/jvm/java-8-openjdk/jre/lib/amd64/jli/libjli.so
7f0b0be50000-7f0b0be51000 rw-p 0000e000 08:03 3408091                    /usr/lib/jvm/java-8-openjdk/jre/lib/amd64/jli/libjli.so
7f0b0be51000-7f0b0be67000 r-xp 00000000 08:03 2496516                    /usr/lib/libz.so.1.2.11
7f0b0be67000-7f0b0c066000 ---p 00016000 08:03 2496516                    /usr/lib/libz.so.1.2.11
7f0b0c066000-7f0b0c067000 r--p 00015000 08:03 2496516                    /usr/lib/libz.so.1.2.11
7f0b0c067000-7f0b0c068000 rw-p 00016000 08:03 2496516                    /usr/lib/libz.so.1.2.11
7f0b0c068000-7f0b0c081000 r-xp 00000000 08:03 2496427                    /usr/lib/libpthread-2.26.so
7f0b0c081000-7f0b0c280000 ---p 00019000 08:03 2496427                    /usr/lib/libpthread-2.26.so
7f0b0c280000-7f0b0c281000 r--p 00018000 08:03 2496427                    /usr/lib/libpthread-2.26.so
7f0b0c281000-7f0b0c282000 rw-p 00019000 08:03 2496427                    /usr/lib/libpthread-2.26.so
7f0b0c282000-7f0b0c286000 rw-p 00000000 00:00 0 
7f0b0c286000-7f0b0c2ab000 r-xp 00000000 08:03 2496165                    /usr/lib/ld-2.26.so
7f0b0c373000-7f0b0c374000 ---p 00000000 00:00 0 
7f0b0c374000-7f0b0c377000 ---p 00000000 00:00 0 
7f0b0c377000-7f0b0c478000 rw-p 00000000 00:00 0 
7f0b0c4a0000-7f0b0c4a8000 rw-s 00000000 00:29 230                        /tmp/hsperfdata_mattia/17258
7f0b0c4a8000-7f0b0c4a9000 rw-p 00000000 00:00 0 
7f0b0c4a9000-7f0b0c4aa000 r--p 00000000 00:00 0 
7f0b0c4aa000-7f0b0c4ab000 r--p 00024000 08:03 2496165                    /usr/lib/ld-2.26.so
7f0b0c4ab000-7f0b0c4ac000 rw-p 00025000 08:03 2496165                    /usr/lib/ld-2.26.so
7f0b0c4ac000-7f0b0c4ad000 rw-p 00000000 00:00 0 
7ffe6892a000-7ffe6894b000 rw-p 00000000 00:00 0                          [stack]
7ffe689d3000-7ffe689d6000 r--p 00000000 00:00 0                          [vvar]
7ffe689d6000-7ffe689d8000 r-xp 00000000 00:00 0                          [vdso]
ffffffffff600000-ffffffffff601000 r-xp 00000000 00:00 0                  [vsyscall]

VM Arguments:
jvm_args: -Xms1024m -Xmx1024m -XX:ReservedCodeCacheSize=128m -XX:MaxMetaspaceSize=256m 
java_command: /usr/share/sbt/bin/sbt-launch.jar run
java_class_path (initial): /usr/share/sbt/bin/sbt-launch.jar
Launcher Type: SUN_STANDARD

Environment Variables:
PATH=/usr/local/sbin:/usr/local/bin:/usr/bin:/usr/lib/jvm/default/bin:/usr/bin/site_perl:/usr/bin/vendor_perl:/usr/bin/core_perl
USERNAME=mattia
SHELL=/bin/bash
DISPLAY=:1

Signal Handlers:
SIGSEGV: [libjvm.so+0xaa8a00], sa_mask[0]=11111111011111111101111111111110, sa_flags=SA_RESTART|SA_SIGINFO
SIGBUS: [libjvm.so+0xaa8a00], sa_mask[0]=11111111011111111101111111111110, sa_flags=SA_RESTART|SA_SIGINFO
SIGFPE: [libjvm.so+0x8df590], sa_mask[0]=11111111011111111101111111111110, sa_flags=SA_RESTART|SA_SIGINFO
SIGPIPE: [libjvm.so+0x8df590], sa_mask[0]=11111111011111111101111111111110, sa_flags=SA_RESTART|SA_SIGINFO
SIGXFSZ: [libjvm.so+0x8df590], sa_mask[0]=11111111011111111101111111111110, sa_flags=SA_RESTART|SA_SIGINFO
SIGILL: [libjvm.so+0x8df590], sa_mask[0]=11111111011111111101111111111110, sa_flags=SA_RESTART|SA_SIGINFO
SIGUSR1: SIG_DFL, sa_mask[0]=00000000000000000000000000000000, sa_flags=none
SIGUSR2: [libjvm.so+0x8df440], sa_mask[0]=00000000000000000000000000000000, sa_flags=SA_RESTART|SA_SIGINFO
SIGHUP: SIG_DFL, sa_mask[0]=00000000000000000000000000000000, sa_flags=none
SIGINT: SIG_DFL, sa_mask[0]=00000000000000000000000000000000, sa_flags=none
SIGTERM: SIG_DFL, sa_mask[0]=00000000000000000000000000000000, sa_flags=none
SIGQUIT: SIG_DFL, sa_mask[0]=00000000000000000000000000000000, sa_flags=none


---------------  S Y S T E M  ---------------

OS:DISTRIB_ID=ManjaroLinux
DISTRIB_RELEASE=17.1.7
DISTRIB_CODENAME=Hakoila
DISTRIB_DESCRIPTION="Manjaro Linux"

uname:Linux 4.14.31-1-MANJARO #1 SMP PREEMPT Wed Mar 28 21:42:49 UTC 2018 x86_64
libc:glibc 2.26 NPTL 2.26 
rlimit: STACK 8192k, CORE infinity, NPROC 31554, NOFILE 4096, AS infinity
load average:1.22 1.28 1.06

/proc/meminfo:
MemTotal:        8091320 kB
MemFree:          212016 kB
MemAvailable:     532432 kB
Buffers:           27100 kB
Cached:           826664 kB
SwapCached:            0 kB
Active:          6927820 kB
Inactive:         645032 kB
Active(anon):    6626352 kB
Inactive(anon):   432396 kB
Active(file):     301468 kB
Inactive(file):   212636 kB
Unevictable:         104 kB
Mlocked:             104 kB
SwapTotal:             0 kB
SwapFree:              0 kB
Dirty:               136 kB
Writeback:             0 kB
AnonPages:       6571468 kB
Mapped:           595016 kB
Shmem:            445064 kB
Slab:             113180 kB
SReclaimable:      54336 kB
SUnreclaim:        58844 kB
KernelStack:       16664 kB
PageTables:        71472 kB
NFS_Unstable:          0 kB
Bounce:                0 kB
WritebackTmp:          0 kB
CommitLimit:     4045660 kB
Committed_AS:   18703336 kB
VmallocTotal:   34359738367 kB
VmallocUsed:           0 kB
VmallocChunk:          0 kB
HardwareCorrupted:     0 kB
AnonHugePages:   2297856 kB
ShmemHugePages:        0 kB
ShmemPmdMapped:        0 kB
HugePages_Total:       0
HugePages_Free:        0
HugePages_Rsvd:        0
HugePages_Surp:        0
Hugepagesize:       2048 kB
DirectMap4k:      410660 kB
DirectMap2M:     7897088 kB
DirectMap1G:           0 kB


CPU:total 4 (initial active 4) (2 cores per cpu, 2 threads per core) family 6 model 158 stepping 9, cmov, cx8, fxsr, mmx, sse, sse2, sse3, ssse3, sse4.1, sse4.2, popcnt, avx, avx2, aes, clmul, erms, 3dnowpref, lzcnt, ht, tsc, tscinvbit, bmi1, bmi2, adx

/proc/cpuinfo:
processor	: 0
vendor_id	: GenuineIntel
cpu family	: 6
model		: 158
model name	: Intel(R) Core(TM) i3-7100 CPU @ 3.90GHz
stepping	: 9
microcode	: 0x84
cpu MHz		: 3899.963
cache size	: 3072 KB
physical id	: 0
siblings	: 4
core id		: 0
cpu cores	: 2
apicid		: 0
initial apicid	: 0
fpu		: yes
fpu_exception	: yes
cpuid level	: 22
wp		: yes
flags		: fpu vme de pse tsc msr pae mce cx8 apic sep mtrr pge mca cmov pat pse36 clflush dts acpi mmx fxsr sse sse2 ss ht tm pbe syscall nx pdpe1gb rdtscp lm constant_tsc art arch_perfmon pebs bts rep_good nopl xtopology nonstop_tsc cpuid aperfmperf tsc_known_freq pni pclmulqdq dtes64 monitor ds_cpl vmx est tm2 ssse3 sdbg fma cx16 xtpr pdcm pcid sse4_1 sse4_2 x2apic movbe popcnt tsc_deadline_timer aes xsave avx f16c rdrand lahf_lm abm 3dnowprefetch cpuid_fault invpcid_single pti tpr_shadow vnmi flexpriority ept vpid fsgsbase tsc_adjust bmi1 avx2 smep bmi2 erms invpcid mpx rdseed adx smap clflushopt intel_pt xsaveopt xsavec xgetbv1 xsaves ibpb ibrs stibp dtherm arat pln pts hwp hwp_notify hwp_act_window hwp_epp
bugs		: cpu_meltdown spectre_v1 spectre_v2
bogomips	: 7827.00
clflush size	: 64
cache_alignment	: 64
address sizes	: 39 bits physical, 48 bits virtual
power management:

processor	: 1
vendor_id	: GenuineIntel
cpu family	: 6
model		: 158
model name	: Intel(R) Core(TM) i3-7100 CPU @ 3.90GHz
stepping	: 9
microcode	: 0x84
cpu MHz		: 3900.001
cache size	: 3072 KB
physical id	: 0
siblings	: 4
core id		: 1
cpu cores	: 2
apicid		: 2
initial apicid	: 2
fpu		: yes
fpu_exception	: yes
cpuid level	: 22
wp		: yes
flags		: fpu vme de pse tsc msr pae mce cx8 apic sep mtrr pge mca cmov pat pse36 clflush dts acpi mmx fxsr sse sse2 ss ht tm pbe syscall nx pdpe1gb rdtscp lm constant_tsc art arch_perfmon pebs bts rep_good nopl xtopology nonstop_tsc cpuid aperfmperf tsc_known_freq pni pclmulqdq dtes64 monitor ds_cpl vmx est tm2 ssse3 sdbg fma cx16 xtpr pdcm pcid sse4_1 sse4_2 x2apic movbe popcnt tsc_deadline_timer aes xsave avx f16c rdrand lahf_lm abm 3dnowprefetch cpuid_fault invpcid_single pti tpr_shadow vnmi flexpriority ept vpid fsgsbase tsc_adjust bmi1 avx2 smep bmi2 erms invpcid mpx rdseed adx smap clflushopt intel_pt xsaveopt xsavec xgetbv1 xsaves ibpb ibrs stibp dtherm arat pln pts hwp hwp_notify hwp_act_window hwp_epp
bugs		: cpu_meltdown spectre_v1 spectre_v2
bogomips	: 7827.00
clflush size	: 64
cache_alignment	: 64
address sizes	: 39 bits physical, 48 bits virtual
power management:

processor	: 2
vendor_id	: GenuineIntel
cpu family	: 6
model		: 158
model name	: Intel(R) Core(TM) i3-7100 CPU @ 3.90GHz
stepping	: 9
microcode	: 0x84
cpu MHz		: 3900.003
cache size	: 3072 KB
physical id	: 0
siblings	: 4
core id		: 0
cpu cores	: 2
apicid		: 1
initial apicid	: 1
fpu		: yes
fpu_exception	: yes
cpuid level	: 22
wp		: yes
flags		: fpu vme de pse tsc msr pae mce cx8 apic sep mtrr pge mca cmov pat pse36 clflush dts acpi mmx fxsr sse sse2 ss ht tm pbe syscall nx pdpe1gb rdtscp lm constant_tsc art arch_perfmon pebs bts rep_good nopl xtopology nonstop_tsc cpuid aperfmperf tsc_known_freq pni pclmulqdq dtes64 monitor ds_cpl vmx est tm2 ssse3 sdbg fma cx16 xtpr pdcm pcid sse4_1 sse4_2 x2apic movbe popcnt tsc_deadline_timer aes xsave avx f16c rdrand lahf_lm abm 3dnowprefetch cpuid_fault invpcid_single pti tpr_shadow vnmi flexpriority ept vpid fsgsbase tsc_adjust bmi1 avx2 smep bmi2 erms invpcid mpx rdseed adx smap clflushopt intel_pt xsaveopt xsavec xgetbv1 xsaves ibpb ibrs stibp dtherm arat pln pts hwp hwp_notify hwp_act_window hwp_epp
bugs		: cpu_meltdown spectre_v1 spectre_v2
bogomips	: 7827.00
clflush size	: 64
cache_alignment	: 64
address sizes	: 39 bits physical, 48 bits virtual
power management:

processor	: 3
vendor_id	: GenuineIntel
cpu family	: 6
model		: 158
model name	: Intel(R) Core(TM) i3-7100 CPU @ 3.90GHz
stepping	: 9
microcode	: 0x84
cpu MHz		: 3899.999
cache size	: 3072 KB
physical id	: 0
siblings	: 4
core id		: 1
cpu cores	: 2
apicid		: 3
initial apicid	: 3
fpu		: yes
fpu_exception	: yes
cpuid level	: 22
wp		: yes
flags		: fpu vme de pse tsc msr pae mce cx8 apic sep mtrr pge mca cmov pat pse36 clflush dts acpi mmx fxsr sse sse2 ss ht tm pbe syscall nx pdpe1gb rdtscp lm constant_tsc art arch_perfmon pebs bts rep_good nopl xtopology nonstop_tsc cpuid aperfmperf tsc_known_freq pni pclmulqdq dtes64 monitor ds_cpl vmx est tm2 ssse3 sdbg fma cx16 xtpr pdcm pcid sse4_1 sse4_2 x2apic movbe popcnt tsc_deadline_timer aes xsave avx f16c rdrand lahf_lm abm 3dnowprefetch cpuid_fault invpcid_single pti tpr_shadow vnmi flexpriority ept vpid fsgsbase tsc_adjust bmi1 avx2 smep bmi2 erms invpcid mpx rdseed adx smap clflushopt intel_pt xsaveopt xsavec xgetbv1 xsaves ibpb ibrs stibp dtherm arat pln pts hwp hwp_notify hwp_act_window hwp_epp
bugs		: cpu_meltdown spectre_v1 spectre_v2
bogomips	: 7827.00
clflush size	: 64
cache_alignment	: 64
address sizes	: 39 bits physical, 48 bits virtual
power management:



Memory: 4k page, physical 8091320k(210868k free), swap 0k(0k free)

vm_info: OpenJDK 64-Bit Server VM (25.162-b12) for linux-amd64 JRE (1.8.0_162-b12), built on Mar  1 2018 16:46:58 by "builduser" with gcc 7.3.0

time: Wed Apr 11 00:21:43 2018
elapsed time: 0 seconds (0d 0h 0m 0s)

