#
# There is insufficient memory for the Java Runtime Environment to continue.
# Native memory allocation (mmap) failed to map 357564416 bytes for committing reserved memory.
# Possible reasons:
#   The system is out of physical RAM or swap space
#   In 32 bit mode, the process size limit was hit
# Possible solutions:
#   Reduce memory load on the system
#   Increase physical memory or swap space
#   Check if swap backing store is full
#   Use 64 bit Java on a 64 bit OS
#   Decrease Java heap size (-Xmx/-Xms)
#   Decrease number of Java threads
#   Decrease Java thread stack sizes (-Xss)
#   Set larger code cache with -XX:ReservedCodeCacheSize=
# This output file may be truncated or incomplete.
#
#  Out of Memory Error (os_linux.cpp:2640), pid=16436, tid=0x00007fd306a90700
#
# JRE version:  (8.0_162-b12) (build )
# Java VM: OpenJDK 64-Bit Server VM (25.162-b12 mixed mode linux-amd64 compressed oops)
# Core dump written. Default location: /home/mattia/Jandom/core or core.16436
#

---------------  T H R E A D  ---------------

Current thread (0x00007fd30000b000):  JavaThread "Unknown thread" [_thread_in_vm, id=16437, stack(0x00007fd306991000,0x00007fd306a91000)]

Stack: [0x00007fd306991000,0x00007fd306a91000],  sp=0x00007fd306a8f5b0,  free space=1017k
Native frames: (J=compiled Java code, j=interpreted, Vv=VM code, C=native code)
V  [libjvm.so+0xaa80b2]
V  [libjvm.so+0x4d92c7]
V  [libjvm.so+0x8e3eb0]
V  [libjvm.so+0x8de45e]
V  [libjvm.so+0x95ea76]
V  [libjvm.so+0x960ac6]
V  [libjvm.so+0x2b48d4]
V  [libjvm.so+0x90bab1]
V  [libjvm.so+0xa6a68a]
V  [libjvm.so+0xa6a975]
V  [libjvm.so+0x6252af]
V  [libjvm.so+0xa4e0cb]
V  [libjvm.so+0x6a4b40]  JNI_CreateJavaVM+0x60
C  [libjli.so+0x2bf3]
C  [libpthread.so.0+0x708c]  start_thread+0xdc


---------------  P R O C E S S  ---------------

Java Threads: ( => current thread )

Other Threads:

=>0x00007fd30000b000 (exited) JavaThread "Unknown thread" [_thread_in_vm, id=16437, stack(0x00007fd306991000,0x00007fd306a91000)]

VM state:not at safepoint (not fully initialized)

VM Mutex/Monitor currently owned by a thread: None

GC Heap History (0 events):
No events

Deoptimization events (0 events):
No events

Classes redefined (0 events):
No events

Internal exceptions (0 events):
No events

Events (0 events):
No events


Dynamic libraries:
c0000000-eab00000 ---p 00000000 00:00 0 
558ba4aba000-558ba4abb000 r-xp 00000000 08:03 3285459                    /usr/lib/jvm/java-8-openjdk/jre/bin/java
558ba4cba000-558ba4cbb000 r--p 00000000 08:03 3285459                    /usr/lib/jvm/java-8-openjdk/jre/bin/java
558ba4cbb000-558ba4cbc000 rw-p 00001000 08:03 3285459                    /usr/lib/jvm/java-8-openjdk/jre/bin/java
558ba51d3000-558ba51f4000 rw-p 00000000 00:00 0                          [heap]
7fd2f73c0000-7fd2f75c0000 ---p 00000000 00:00 0 
7fd2f75c0000-7fd2f75cb000 rw-p 00000000 00:00 0 
7fd2f75cb000-7fd2f77c1000 ---p 00000000 00:00 0 
7fd2f77c1000-7fd2f7a31000 rwxp 00000000 00:00 0 
7fd2f7a31000-7fd2ff7c1000 ---p 00000000 00:00 0 
7fd2ff7c1000-7fd2ff7c9000 r-xp 00000000 08:03 3285516                    /usr/lib/jvm/java-8-openjdk/jre/lib/amd64/libzip.so
7fd2ff7c9000-7fd2ff9c8000 ---p 00008000 08:03 3285516                    /usr/lib/jvm/java-8-openjdk/jre/lib/amd64/libzip.so
7fd2ff9c8000-7fd2ff9c9000 r--p 00007000 08:03 3285516                    /usr/lib/jvm/java-8-openjdk/jre/lib/amd64/libzip.so
7fd2ff9c9000-7fd2ff9ca000 rw-p 00008000 08:03 3285516                    /usr/lib/jvm/java-8-openjdk/jre/lib/amd64/libzip.so
7fd2ff9ca000-7fd2ff9d5000 r-xp 00000000 08:03 2496384                    /usr/lib/libnss_files-2.26.so
7fd2ff9d5000-7fd2ffbd4000 ---p 0000b000 08:03 2496384                    /usr/lib/libnss_files-2.26.so
7fd2ffbd4000-7fd2ffbd5000 r--p 0000a000 08:03 2496384                    /usr/lib/libnss_files-2.26.so
7fd2ffbd5000-7fd2ffbd6000 rw-p 0000b000 08:03 2496384                    /usr/lib/libnss_files-2.26.so
7fd2ffbd6000-7fd2ffbdc000 rw-p 00000000 00:00 0 
7fd2ffbdc000-7fd2ffbe7000 r-xp 00000000 08:03 2496388                    /usr/lib/libnss_nis-2.26.so
7fd2ffbe7000-7fd2ffde6000 ---p 0000b000 08:03 2496388                    /usr/lib/libnss_nis-2.26.so
7fd2ffde6000-7fd2ffde7000 r--p 0000a000 08:03 2496388                    /usr/lib/libnss_nis-2.26.so
7fd2ffde7000-7fd2ffde8000 rw-p 0000b000 08:03 2496388                    /usr/lib/libnss_nis-2.26.so
7fd2ffde8000-7fd2ffdfc000 r-xp 00000000 08:03 2496377                    /usr/lib/libnsl-2.26.so
7fd2ffdfc000-7fd2ffffc000 ---p 00014000 08:03 2496377                    /usr/lib/libnsl-2.26.so
7fd2ffffc000-7fd2ffffd000 r--p 00014000 08:03 2496377                    /usr/lib/libnsl-2.26.so
7fd2ffffd000-7fd2ffffe000 rw-p 00015000 08:03 2496377                    /usr/lib/libnsl-2.26.so
7fd2ffffe000-7fd300000000 rw-p 00000000 00:00 0 
7fd300000000-7fd300033000 rw-p 00000000 00:00 0 
7fd300033000-7fd304000000 ---p 00000000 00:00 0 
7fd30417a000-7fd304181000 r-xp 00000000 08:03 2496381                    /usr/lib/libnss_compat-2.26.so
7fd304181000-7fd304380000 ---p 00007000 08:03 2496381                    /usr/lib/libnss_compat-2.26.so
7fd304380000-7fd304381000 r--p 00006000 08:03 2496381                    /usr/lib/libnss_compat-2.26.so
7fd304381000-7fd304382000 rw-p 00007000 08:03 2496381                    /usr/lib/libnss_compat-2.26.so
7fd304382000-7fd3043b0000 r-xp 00000000 08:03 3285495                    /usr/lib/jvm/java-8-openjdk/jre/lib/amd64/libjava.so
7fd3043b0000-7fd3045af000 ---p 0002e000 08:03 3285495                    /usr/lib/jvm/java-8-openjdk/jre/lib/amd64/libjava.so
7fd3045af000-7fd3045b0000 r--p 0002d000 08:03 3285495                    /usr/lib/jvm/java-8-openjdk/jre/lib/amd64/libjava.so
7fd3045b0000-7fd3045b2000 rw-p 0002e000 08:03 3285495                    /usr/lib/jvm/java-8-openjdk/jre/lib/amd64/libjava.so
7fd3045b2000-7fd3045bf000 r-xp 00000000 08:03 3285515                    /usr/lib/jvm/java-8-openjdk/jre/lib/amd64/libverify.so
7fd3045bf000-7fd3047be000 ---p 0000d000 08:03 3285515                    /usr/lib/jvm/java-8-openjdk/jre/lib/amd64/libverify.so
7fd3047be000-7fd3047c0000 r--p 0000c000 08:03 3285515                    /usr/lib/jvm/java-8-openjdk/jre/lib/amd64/libverify.so
7fd3047c0000-7fd3047c1000 rw-p 0000e000 08:03 3285515                    /usr/lib/jvm/java-8-openjdk/jre/lib/amd64/libverify.so
7fd3047c1000-7fd3047c8000 r-xp 00000000 08:03 2496441                    /usr/lib/librt-2.26.so
7fd3047c8000-7fd3049c7000 ---p 00007000 08:03 2496441                    /usr/lib/librt-2.26.so
7fd3049c7000-7fd3049c8000 r--p 00006000 08:03 2496441                    /usr/lib/librt-2.26.so
7fd3049c8000-7fd3049c9000 rw-p 00007000 08:03 2496441                    /usr/lib/librt-2.26.so
7fd3049c9000-7fd304b14000 r-xp 00000000 08:03 2496340                    /usr/lib/libm-2.26.so
7fd304b14000-7fd304d13000 ---p 0014b000 08:03 2496340                    /usr/lib/libm-2.26.so
7fd304d13000-7fd304d14000 r--p 0014a000 08:03 2496340                    /usr/lib/libm-2.26.so
7fd304d14000-7fd304d15000 rw-p 0014b000 08:03 2496340                    /usr/lib/libm-2.26.so
7fd304d15000-7fd3059b7000 r-xp 00000000 08:03 3408093                    /usr/lib/jvm/java-8-openjdk/jre/lib/amd64/server/libjvm.so
7fd3059b7000-7fd305bb7000 ---p 00ca2000 08:03 3408093                    /usr/lib/jvm/java-8-openjdk/jre/lib/amd64/server/libjvm.so
7fd305bb7000-7fd305c4b000 r--p 00ca2000 08:03 3408093                    /usr/lib/jvm/java-8-openjdk/jre/lib/amd64/server/libjvm.so
7fd305c4b000-7fd305c73000 rw-p 00d36000 08:03 3408093                    /usr/lib/jvm/java-8-openjdk/jre/lib/amd64/server/libjvm.so
7fd305c73000-7fd305ca4000 rw-p 00000000 00:00 0 
7fd305ca4000-7fd305e52000 r-xp 00000000 08:03 2496207                    /usr/lib/libc-2.26.so
7fd305e52000-7fd306051000 ---p 001ae000 08:03 2496207                    /usr/lib/libc-2.26.so
7fd306051000-7fd306055000 r--p 001ad000 08:03 2496207                    /usr/lib/libc-2.26.so
7fd306055000-7fd306057000 rw-p 001b1000 08:03 2496207                    /usr/lib/libc-2.26.so
7fd306057000-7fd30605b000 rw-p 00000000 00:00 0 
7fd30605b000-7fd30605e000 r-xp 00000000 08:03 2496234                    /usr/lib/libdl-2.26.so
7fd30605e000-7fd30625d000 ---p 00003000 08:03 2496234                    /usr/lib/libdl-2.26.so
7fd30625d000-7fd30625e000 r--p 00002000 08:03 2496234                    /usr/lib/libdl-2.26.so
7fd30625e000-7fd30625f000 rw-p 00003000 08:03 2496234                    /usr/lib/libdl-2.26.so
7fd30625f000-7fd30626d000 r-xp 00000000 08:03 3408091                    /usr/lib/jvm/java-8-openjdk/jre/lib/amd64/jli/libjli.so
7fd30626d000-7fd30646c000 ---p 0000e000 08:03 3408091                    /usr/lib/jvm/java-8-openjdk/jre/lib/amd64/jli/libjli.so
7fd30646c000-7fd30646d000 r--p 0000d000 08:03 3408091                    /usr/lib/jvm/java-8-openjdk/jre/lib/amd64/jli/libjli.so
7fd30646d000-7fd30646e000 rw-p 0000e000 08:03 3408091                    /usr/lib/jvm/java-8-openjdk/jre/lib/amd64/jli/libjli.so
7fd30646e000-7fd306484000 r-xp 00000000 08:03 2496516                    /usr/lib/libz.so.1.2.11
7fd306484000-7fd306683000 ---p 00016000 08:03 2496516                    /usr/lib/libz.so.1.2.11
7fd306683000-7fd306684000 r--p 00015000 08:03 2496516                    /usr/lib/libz.so.1.2.11
7fd306684000-7fd306685000 rw-p 00016000 08:03 2496516                    /usr/lib/libz.so.1.2.11
7fd306685000-7fd30669e000 r-xp 00000000 08:03 2496427                    /usr/lib/libpthread-2.26.so
7fd30669e000-7fd30689d000 ---p 00019000 08:03 2496427                    /usr/lib/libpthread-2.26.so
7fd30689d000-7fd30689e000 r--p 00018000 08:03 2496427                    /usr/lib/libpthread-2.26.so
7fd30689e000-7fd30689f000 rw-p 00019000 08:03 2496427                    /usr/lib/libpthread-2.26.so
7fd30689f000-7fd3068a3000 rw-p 00000000 00:00 0 
7fd3068a3000-7fd3068c8000 r-xp 00000000 08:03 2496165                    /usr/lib/ld-2.26.so
7fd306990000-7fd306991000 ---p 00000000 00:00 0 
7fd306991000-7fd306994000 ---p 00000000 00:00 0 
7fd306994000-7fd306a95000 rw-p 00000000 00:00 0 
7fd306abd000-7fd306ac5000 rw-s 00000000 00:29 324                        /tmp/hsperfdata_mattia/16436
7fd306ac5000-7fd306ac6000 rw-p 00000000 00:00 0 
7fd306ac6000-7fd306ac7000 r--p 00000000 00:00 0 
7fd306ac7000-7fd306ac8000 r--p 00024000 08:03 2496165                    /usr/lib/ld-2.26.so
7fd306ac8000-7fd306ac9000 rw-p 00025000 08:03 2496165                    /usr/lib/ld-2.26.so
7fd306ac9000-7fd306aca000 rw-p 00000000 00:00 0 
7ffd65953000-7ffd65974000 rw-p 00000000 00:00 0                          [stack]
7ffd659f0000-7ffd659f3000 r--p 00000000 00:00 0                          [vvar]
7ffd659f3000-7ffd659f5000 r-xp 00000000 00:00 0                          [vdso]
ffffffffff600000-ffffffffff601000 r-xp 00000000 00:00 0                  [vsyscall]

VM Arguments:
jvm_args: -Xms1024m -Xmx1024m -XX:ReservedCodeCacheSize=128m -XX:MaxMetaspaceSize=256m 
java_command: /usr/share/sbt/bin/sbt-launch.jar run
java_class_path (initial): /usr/share/sbt/bin/sbt-launch.jar
Launcher Type: SUN_STANDARD

Environment Variables:
PATH=/usr/local/sbin:/usr/local/bin:/usr/bin:/usr/lib/jvm/default/bin:/usr/bin/site_perl:/usr/bin/vendor_perl:/usr/bin/core_perl
USERNAME=mattia
SHELL=/bin/bash
DISPLAY=:1

Signal Handlers:
SIGSEGV: [libjvm.so+0xaa8a00], sa_mask[0]=11111111011111111101111111111110, sa_flags=SA_RESTART|SA_SIGINFO
SIGBUS: [libjvm.so+0xaa8a00], sa_mask[0]=11111111011111111101111111111110, sa_flags=SA_RESTART|SA_SIGINFO
SIGFPE: [libjvm.so+0x8df590], sa_mask[0]=11111111011111111101111111111110, sa_flags=SA_RESTART|SA_SIGINFO
SIGPIPE: [libjvm.so+0x8df590], sa_mask[0]=11111111011111111101111111111110, sa_flags=SA_RESTART|SA_SIGINFO
SIGXFSZ: [libjvm.so+0x8df590], sa_mask[0]=11111111011111111101111111111110, sa_flags=SA_RESTART|SA_SIGINFO
SIGILL: [libjvm.so+0x8df590], sa_mask[0]=11111111011111111101111111111110, sa_flags=SA_RESTART|SA_SIGINFO
SIGUSR1: SIG_DFL, sa_mask[0]=00000000000000000000000000000000, sa_flags=none
SIGUSR2: [libjvm.so+0x8df440], sa_mask[0]=00000000000000000000000000000000, sa_flags=SA_RESTART|SA_SIGINFO
SIGHUP: SIG_DFL, sa_mask[0]=00000000000000000000000000000000, sa_flags=none
SIGINT: SIG_DFL, sa_mask[0]=00000000000000000000000000000000, sa_flags=none
SIGTERM: SIG_DFL, sa_mask[0]=00000000000000000000000000000000, sa_flags=none
SIGQUIT: SIG_DFL, sa_mask[0]=00000000000000000000000000000000, sa_flags=none


---------------  S Y S T E M  ---------------

OS:DISTRIB_ID=ManjaroLinux
DISTRIB_RELEASE=17.1.7
DISTRIB_CODENAME=Hakoila
DISTRIB_DESCRIPTION="Manjaro Linux"

uname:Linux 4.14.31-1-MANJARO #1 SMP PREEMPT Wed Mar 28 21:42:49 UTC 2018 x86_64
libc:glibc 2.26 NPTL 2.26 
rlimit: STACK 8192k, CORE infinity, NPROC 31554, NOFILE 4096, AS infinity
load average:0.50 0.87 0.97

/proc/meminfo:
MemTotal:        8091324 kB
MemFree:          132740 kB
MemAvailable:     326416 kB
Buffers:           13880 kB
Cached:          1023072 kB
SwapCached:            0 kB
Active:          6691980 kB
Inactive:         922628 kB
Active(anon):    6496544 kB
Inactive(anon):   730464 kB
Active(file):     195436 kB
Inactive(file):   192164 kB
Unevictable:          84 kB
Mlocked:              84 kB
SwapTotal:             0 kB
SwapFree:              0 kB
Dirty:              6584 kB
Writeback:             0 kB
AnonPages:       6449520 kB
Mapped:           826284 kB
Shmem:            746216 kB
Slab:             115808 kB
SReclaimable:      53664 kB
SUnreclaim:        62144 kB
KernelStack:       17868 kB
PageTables:        75224 kB
NFS_Unstable:          0 kB
Bounce:                0 kB
WritebackTmp:          0 kB
CommitLimit:     4045660 kB
Committed_AS:   17952508 kB
VmallocTotal:   34359738367 kB
VmallocUsed:           0 kB
VmallocChunk:          0 kB
HardwareCorrupted:     0 kB
AnonHugePages:   2172928 kB
ShmemHugePages:        0 kB
ShmemPmdMapped:        0 kB
HugePages_Total:       0
HugePages_Free:        0
HugePages_Rsvd:        0
HugePages_Surp:        0
Hugepagesize:       2048 kB
DirectMap4k:      398372 kB
DirectMap2M:     7909376 kB
DirectMap1G:           0 kB


CPU:total 4 (initial active 4) (2 cores per cpu, 2 threads per core) family 6 model 158 stepping 9, cmov, cx8, fxsr, mmx, sse, sse2, sse3, ssse3, sse4.1, sse4.2, popcnt, avx, avx2, aes, clmul, erms, 3dnowpref, lzcnt, ht, tsc, tscinvbit, bmi1, bmi2, adx

/proc/cpuinfo:
processor	: 0
vendor_id	: GenuineIntel
cpu family	: 6
model		: 158
model name	: Intel(R) Core(TM) i3-7100 CPU @ 3.90GHz
stepping	: 9
microcode	: 0x84
cpu MHz		: 3900.050
cache size	: 3072 KB
physical id	: 0
siblings	: 4
core id		: 0
cpu cores	: 2
apicid		: 0
initial apicid	: 0
fpu		: yes
fpu_exception	: yes
cpuid level	: 22
wp		: yes
flags		: fpu vme de pse tsc msr pae mce cx8 apic sep mtrr pge mca cmov pat pse36 clflush dts acpi mmx fxsr sse sse2 ss ht tm pbe syscall nx pdpe1gb rdtscp lm constant_tsc art arch_perfmon pebs bts rep_good nopl xtopology nonstop_tsc cpuid aperfmperf tsc_known_freq pni pclmulqdq dtes64 monitor ds_cpl vmx est tm2 ssse3 sdbg fma cx16 xtpr pdcm pcid sse4_1 sse4_2 x2apic movbe popcnt tsc_deadline_timer aes xsave avx f16c rdrand lahf_lm abm 3dnowprefetch cpuid_fault invpcid_single pti tpr_shadow vnmi flexpriority ept vpid fsgsbase tsc_adjust bmi1 avx2 smep bmi2 erms invpcid mpx rdseed adx smap clflushopt intel_pt xsaveopt xsavec xgetbv1 xsaves ibpb ibrs stibp dtherm arat pln pts hwp hwp_notify hwp_act_window hwp_epp
bugs		: cpu_meltdown spectre_v1 spectre_v2
bogomips	: 7827.00
clflush size	: 64
cache_alignment	: 64
address sizes	: 39 bits physical, 48 bits virtual
power management:

processor	: 1
vendor_id	: GenuineIntel
cpu family	: 6
model		: 158
model name	: Intel(R) Core(TM) i3-7100 CPU @ 3.90GHz
stepping	: 9
microcode	: 0x84
cpu MHz		: 3900.051
cache size	: 3072 KB
physical id	: 0
siblings	: 4
core id		: 1
cpu cores	: 2
apicid		: 2
initial apicid	: 2
fpu		: yes
fpu_exception	: yes
cpuid level	: 22
wp		: yes
flags		: fpu vme de pse tsc msr pae mce cx8 apic sep mtrr pge mca cmov pat pse36 clflush dts acpi mmx fxsr sse sse2 ss ht tm pbe syscall nx pdpe1gb rdtscp lm constant_tsc art arch_perfmon pebs bts rep_good nopl xtopology nonstop_tsc cpuid aperfmperf tsc_known_freq pni pclmulqdq dtes64 monitor ds_cpl vmx est tm2 ssse3 sdbg fma cx16 xtpr pdcm pcid sse4_1 sse4_2 x2apic movbe popcnt tsc_deadline_timer aes xsave avx f16c rdrand lahf_lm abm 3dnowprefetch cpuid_fault invpcid_single pti tpr_shadow vnmi flexpriority ept vpid fsgsbase tsc_adjust bmi1 avx2 smep bmi2 erms invpcid mpx rdseed adx smap clflushopt intel_pt xsaveopt xsavec xgetbv1 xsaves ibpb ibrs stibp dtherm arat pln pts hwp hwp_notify hwp_act_window hwp_epp
bugs		: cpu_meltdown spectre_v1 spectre_v2
bogomips	: 7827.00
clflush size	: 64
cache_alignment	: 64
address sizes	: 39 bits physical, 48 bits virtual
power management:

processor	: 2
vendor_id	: GenuineIntel
cpu family	: 6
model		: 158
model name	: Intel(R) Core(TM) i3-7100 CPU @ 3.90GHz
stepping	: 9
microcode	: 0x84
cpu MHz		: 3900.008
cache size	: 3072 KB
physical id	: 0
siblings	: 4
core id		: 0
cpu cores	: 2
apicid		: 1
initial apicid	: 1
fpu		: yes
fpu_exception	: yes
cpuid level	: 22
wp		: yes
flags		: fpu vme de pse tsc msr pae mce cx8 apic sep mtrr pge mca cmov pat pse36 clflush dts acpi mmx fxsr sse sse2 ss ht tm pbe syscall nx pdpe1gb rdtscp lm constant_tsc art arch_perfmon pebs bts rep_good nopl xtopology nonstop_tsc cpuid aperfmperf tsc_known_freq pni pclmulqdq dtes64 monitor ds_cpl vmx est tm2 ssse3 sdbg fma cx16 xtpr pdcm pcid sse4_1 sse4_2 x2apic movbe popcnt tsc_deadline_timer aes xsave avx f16c rdrand lahf_lm abm 3dnowprefetch cpuid_fault invpcid_single pti tpr_shadow vnmi flexpriority ept vpid fsgsbase tsc_adjust bmi1 avx2 smep bmi2 erms invpcid mpx rdseed adx smap clflushopt intel_pt xsaveopt xsavec xgetbv1 xsaves ibpb ibrs stibp dtherm arat pln pts hwp hwp_notify hwp_act_window hwp_epp
bugs		: cpu_meltdown spectre_v1 spectre_v2
bogomips	: 7827.00
clflush size	: 64
cache_alignment	: 64
address sizes	: 39 bits physical, 48 bits virtual
power management:

processor	: 3
vendor_id	: GenuineIntel
cpu family	: 6
model		: 158
model name	: Intel(R) Core(TM) i3-7100 CPU @ 3.90GHz
stepping	: 9
microcode	: 0x84
cpu MHz		: 3899.996
cache size	: 3072 KB
physical id	: 0
siblings	: 4
core id		: 1
cpu cores	: 2
apicid		: 3
initial apicid	: 3
fpu		: yes
fpu_exception	: yes
cpuid level	: 22
wp		: yes
flags		: fpu vme de pse tsc msr pae mce cx8 apic sep mtrr pge mca cmov pat pse36 clflush dts acpi mmx fxsr sse sse2 ss ht tm pbe syscall nx pdpe1gb rdtscp lm constant_tsc art arch_perfmon pebs bts rep_good nopl xtopology nonstop_tsc cpuid aperfmperf tsc_known_freq pni pclmulqdq dtes64 monitor ds_cpl vmx est tm2 ssse3 sdbg fma cx16 xtpr pdcm pcid sse4_1 sse4_2 x2apic movbe popcnt tsc_deadline_timer aes xsave avx f16c rdrand lahf_lm abm 3dnowprefetch cpuid_fault invpcid_single pti tpr_shadow vnmi flexpriority ept vpid fsgsbase tsc_adjust bmi1 avx2 smep bmi2 erms invpcid mpx rdseed adx smap clflushopt intel_pt xsaveopt xsavec xgetbv1 xsaves ibpb ibrs stibp dtherm arat pln pts hwp hwp_notify hwp_act_window hwp_epp
bugs		: cpu_meltdown spectre_v1 spectre_v2
bogomips	: 7827.00
clflush size	: 64
cache_alignment	: 64
address sizes	: 39 bits physical, 48 bits virtual
power management:



Memory: 4k page, physical 8091324k(132972k free), swap 0k(0k free)

vm_info: OpenJDK 64-Bit Server VM (25.162-b12) for linux-amd64 JRE (1.8.0_162-b12), built on Mar  1 2018 16:46:58 by "builduser" with gcc 7.3.0

time: Tue Apr 10 14:00:13 2018
elapsed time: 0 seconds (0d 0h 0m 0s)

